ARM GAS  /tmp/ccGo9XmR.s 			page 1


   1              		.cpu cortex-m0
   2              		.eabi_attribute 20, 1
   3              		.eabi_attribute 21, 1
   4              		.eabi_attribute 23, 3
   5              		.eabi_attribute 24, 1
   6              		.eabi_attribute 25, 1
   7              		.eabi_attribute 26, 1
   8              		.eabi_attribute 30, 2
   9              		.eabi_attribute 34, 0
  10              		.eabi_attribute 18, 4
  11              		.file	"axis.c"
  12              		.text
  13              	.Ltext0:
  14              		.cfi_sections	.debug_frame
  15              		.global	__aeabi_idiv
  16              		.global	__aeabi_uidiv
  17              		.section	.text.AxisRotate,"ax",%progbits
  18              		.align	1
  19              		.p2align 2,,3
  20              		.global	AxisRotate
  21              		.syntax unified
  22              		.code	16
  23              		.thumb_func
  24              		.fpu softvfp
  26              	AxisRotate:
  27              	.LFB530:
  28              		.file 1 "Core/Src/axis.c"
   1:Core/Src/axis.c **** #include "axis.h"
   2:Core/Src/axis.c **** 
   3:Core/Src/axis.c **** #include "StepMotorParams.h"
   4:Core/Src/axis.c **** #include "StepMotorDriver.h"
   5:Core/Src/axis.c **** #include "StepMotorLib.h"
   6:Core/Src/axis.c **** 
   7:Core/Src/axis.c **** #include "main.h"
   8:Core/Src/axis.c **** #include <stdlib.h>
   9:Core/Src/axis.c **** #include <stdint.h>
  10:Core/Src/axis.c **** 
  11:Core/Src/axis.c **** // All usec and urad
  12:Core/Src/axis.c **** 
  13:Core/Src/axis.c **** __STATIC_INLINE uint32_t DeltaTime2TimerTick (uint32_t delta_time) {
  14:Core/Src/axis.c ****     return (delta_time * FREQ_TIMER) / 1000000;
  15:Core/Src/axis.c **** }
  16:Core/Src/axis.c **** 
  17:Core/Src/axis.c **** int AxisRotate (uint16_t number_step_motor, int urad, int usec) {
  29              		.loc 1 17 0
  30              		.cfi_startproc
  31              		@ args = 0, pretend = 0, frame = 8
  32              		@ frame_needed = 0, uses_anonymous_args = 0
  33              	.LVL0:
  34 0000 70B5     		push	{r4, r5, r6, lr}
  35              	.LCFI0:
  36              		.cfi_def_cfa_offset 16
  37              		.cfi_offset 4, -16
  38              		.cfi_offset 5, -12
  39              		.cfi_offset 6, -8
  40              		.cfi_offset 14, -4
  18:Core/Src/axis.c ****     const uint32_t number_steps = abs (urad) / STEP_ANGLE;
ARM GAS  /tmp/ccGo9XmR.s 			page 2


  41              		.loc 1 18 0
  42 0002 CB17     		asrs	r3, r1, #31
  17:Core/Src/axis.c ****     const uint32_t number_steps = abs (urad) / STEP_ANGLE;
  43              		.loc 1 17 0
  44 0004 0500     		movs	r5, r0
  45              		.loc 1 18 0
  46 0006 C818     		adds	r0, r1, r3
  47              	.LVL1:
  17:Core/Src/axis.c ****     const uint32_t number_steps = abs (urad) / STEP_ANGLE;
  48              		.loc 1 17 0
  49 0008 82B0     		sub	sp, sp, #8
  50              	.LCFI1:
  51              		.cfi_def_cfa_offset 24
  17:Core/Src/axis.c ****     const uint32_t number_steps = abs (urad) / STEP_ANGLE;
  52              		.loc 1 17 0
  53 000a 0C00     		movs	r4, r1
  54              		.loc 1 18 0
  55 000c 5840     		eors	r0, r3
  56 000e 1149     		ldr	r1, .L2
  57              	.LVL2:
  17:Core/Src/axis.c ****     const uint32_t number_steps = abs (urad) / STEP_ANGLE;
  58              		.loc 1 17 0
  59 0010 1600     		movs	r6, r2
  60              		.loc 1 18 0
  61 0012 FFF7FEFF 		bl	__aeabi_idiv
  62              	.LVL3:
  19:Core/Src/axis.c ****     const uint32_t delta_time   = usec / number_steps;
  20:Core/Src/axis.c **** 
  21:Core/Src/axis.c ****     sm_unit_task_t unit_task = {
  63              		.loc 1 21 0
  64 0016 6B46     		mov	r3, sp
  18:Core/Src/axis.c ****     const uint32_t delta_time   = usec / number_steps;
  65              		.loc 1 18 0
  66 0018 0100     		movs	r1, r0
  67              	.LVL4:
  68              		.loc 1 21 0
  69 001a 1880     		strh	r0, [r3]
  19:Core/Src/axis.c ****     const uint32_t delta_time   = usec / number_steps;
  70              		.loc 1 19 0
  71 001c 3000     		movs	r0, r6
  72              	.LVL5:
  73 001e FFF7FEFF 		bl	__aeabi_uidiv
  74              	.LVL6:
  75              	.LBB4:
  76              	.LBB5:
  14:Core/Src/axis.c **** }
  77              		.loc 1 14 0
  78 0022 0D4B     		ldr	r3, .L2+4
  79 0024 0D49     		ldr	r1, .L2+8
  80 0026 5843     		muls	r0, r3
  81 0028 FFF7FEFF 		bl	__aeabi_uidiv
  82              	.LVL7:
  83              	.LBE5:
  84              	.LBE4:
  85              		.loc 1 21 0
  86 002c 6A46     		mov	r2, sp
  87 002e 6B46     		mov	r3, sp
ARM GAS  /tmp/ccGo9XmR.s 			page 3


  88 0030 1179     		ldrb	r1, [r2, #4]
  89 0032 0122     		movs	r2, #1
  90 0034 5880     		strh	r0, [r3, #2]
  22:Core/Src/axis.c ****         .number_steps  = number_steps,
  23:Core/Src/axis.c ****         .timer_counter = DeltaTime2TimerTick (delta_time),
  24:Core/Src/axis.c ****         .direction     = urad > 0
  91              		.loc 1 24 0
  92 0036 E317     		asrs	r3, r4, #31
  93 0038 1B1B     		subs	r3, r3, r4
  21:Core/Src/axis.c ****         .number_steps  = number_steps,
  94              		.loc 1 21 0
  95 003a 9143     		bics	r1, r2
  96 003c DB0F     		lsrs	r3, r3, #31
  97 003e 1943     		orrs	r1, r3
  98 0040 6B46     		mov	r3, sp
  25:Core/Src/axis.c ****     };
  26:Core/Src/axis.c ****     
  27:Core/Src/axis.c ****     SM_Driver_Set_Task (number_step_motor, &unit_task);
  99              		.loc 1 27 0
 100 0042 2800     		movs	r0, r5
  21:Core/Src/axis.c ****         .number_steps  = number_steps,
 101              		.loc 1 21 0
 102 0044 1971     		strb	r1, [r3, #4]
 103              		.loc 1 27 0
 104 0046 6946     		mov	r1, sp
 105 0048 FFF7FEFF 		bl	SM_Driver_Set_Task
 106              	.LVL8:
  28:Core/Src/axis.c ****     
  29:Core/Src/axis.c ****     return 0;
  30:Core/Src/axis.c **** }...
 107              		.loc 1 30 0
 108 004c 0020     		movs	r0, #0
 109 004e 02B0     		add	sp, sp, #8
 110              		@ sp needed
 111              	.LVL9:
 112              	.LVL10:
 113 0050 70BD     		pop	{r4, r5, r6, pc}
 114              	.L3:
 115 0052 C046     		.align	2
 116              	.L2:
 117 0054 5B3D0000 		.word	15707
 118 0058 10270000 		.word	10000
 119 005c 40420F00 		.word	1000000
 120              		.cfi_endproc
 121              	.LFE530:
 123              		.text
 124              	.Letext0:
 125              		.file 2 "/usr/include/newlib/machine/_default_types.h"
 126              		.file 3 "/usr/include/newlib/sys/_stdint.h"
 127              		.file 4 "Drivers/CMSIS/Device/ST/STM32F0xx/Include/system_stm32f0xx.h"
 128              		.file 5 "Drivers/STM32F0xx_HAL_Driver/Inc/stm32f0xx_ll_dma.h"
 129              		.file 6 "Drivers/STM32F0xx_HAL_Driver/Inc/stm32f0xx_ll_tim.h"
 130              		.file 7 "/usr/include/newlib/sys/lock.h"
 131              		.file 8 "/usr/include/newlib/sys/_types.h"
 132              		.file 9 "/usr/lib/gcc/arm-none-eabi/6.3.1/include/stddef.h"
 133              		.file 10 "/usr/include/newlib/sys/reent.h"
 134              		.file 11 "/usr/include/newlib/stdlib.h"
ARM GAS  /tmp/ccGo9XmR.s 			page 4


 135              		.file 12 "Core/Inc/StepMotorLib.h"
ARM GAS  /tmp/ccGo9XmR.s 			page 5


DEFINED SYMBOLS
                            *ABS*:0000000000000000 axis.c
     /tmp/ccGo9XmR.s:18     .text.AxisRotate:0000000000000000 $t
     /tmp/ccGo9XmR.s:26     .text.AxisRotate:0000000000000000 AxisRotate
     /tmp/ccGo9XmR.s:117    .text.AxisRotate:0000000000000054 $d
                     .debug_frame:0000000000000010 $d

UNDEFINED SYMBOLS
__aeabi_idiv
__aeabi_uidiv
SM_Driver_Set_Task
