ARM GAS  /tmp/ccWsrnS5.s 			page 1


   1              		.cpu cortex-m0
   2              		.eabi_attribute 20, 1
   3              		.eabi_attribute 21, 1
   4              		.eabi_attribute 23, 3
   5              		.eabi_attribute 24, 1
   6              		.eabi_attribute 25, 1
   7              		.eabi_attribute 26, 1
   8              		.eabi_attribute 30, 2
   9              		.eabi_attribute 34, 0
  10              		.eabi_attribute 18, 4
  11              		.file	"MFv1.c"
  12              		.text
  13              	.Ltext0:
  14              		.cfi_sections	.debug_frame
  15              		.section	.text.MFv1_Collibrate_Direction,"ax",%progbits
  16              		.align	1
  17              		.p2align 2,,3
  18              		.global	MFv1_Collibrate_Direction
  19              		.syntax unified
  20              		.code	16
  21              		.thumb_func
  22              		.fpu softvfp
  24              	MFv1_Collibrate_Direction:
  25              	.LFB521:
  26              		.file 1 "Core/Src/MFv1.c"
   1:Core/Src/MFv1.c **** #include "MFv1.h"
   2:Core/Src/MFv1.c **** #include "axis.h"
   3:Core/Src/MFv1.c **** #include "main.h"
   4:Core/Src/MFv1.c **** 
   5:Core/Src/MFv1.c **** void MFv1_Collibrate_Direction () {
  27              		.loc 1 5 0
  28              		.cfi_startproc
  29              		@ args = 0, pretend = 0, frame = 0
  30              		@ frame_needed = 0, uses_anonymous_args = 0
  31              	.LVL0:
  32 0000 10B5     		push	{r4, lr}
  33              	.LCFI0:
  34              		.cfi_def_cfa_offset 8
  35              		.cfi_offset 4, -8
  36              		.cfi_offset 14, -4
  37              	.LBB2:
   6:Core/Src/MFv1.c ****     const uint32_t time_rotate  = 300; // msec
   7:Core/Src/MFv1.c ****     const  int32_t angle_rotate = PI_QUAD_URAD;
   8:Core/Src/MFv1.c **** 
   9:Core/Src/MFv1.c ****     for (uint16_t i = 0; i < NUMBER_STEP_MOTORS; ++i) {
  38              		.loc 1 9 0
  39 0002 0024     		movs	r4, #0
  40              	.LVL1:
  41              	.L2:
  10:Core/Src/MFv1.c ****         AxisRotate (i, +angle_rotate, time_rotate * 1000);
  42              		.loc 1 10 0 discriminator 3
  43 0004 0A4A     		ldr	r2, .L5
  44 0006 0B49     		ldr	r1, .L5+4
  45 0008 2000     		movs	r0, r4
  46 000a FFF7FEFF 		bl	AxisRotate
  47              	.LVL2:
  11:Core/Src/MFv1.c ****         LL_mDelay (20 * time_rotate);
ARM GAS  /tmp/ccWsrnS5.s 			page 2


  48              		.loc 1 11 0 discriminator 3
  49 000e 0A48     		ldr	r0, .L5+8
  50 0010 FFF7FEFF 		bl	LL_mDelay
  51              	.LVL3:
  12:Core/Src/MFv1.c **** 
  13:Core/Src/MFv1.c ****         AxisRotate (i, -angle_rotate, time_rotate * 1000);
  52              		.loc 1 13 0 discriminator 3
  53 0014 064A     		ldr	r2, .L5
  54 0016 0949     		ldr	r1, .L5+12
  55 0018 2000     		movs	r0, r4
   9:Core/Src/MFv1.c ****         AxisRotate (i, +angle_rotate, time_rotate * 1000);
  56              		.loc 1 9 0 discriminator 3
  57 001a 0134     		adds	r4, r4, #1
  58              	.LVL4:
  59              		.loc 1 13 0 discriminator 3
  60 001c FFF7FEFF 		bl	AxisRotate
  61              	.LVL5:
   9:Core/Src/MFv1.c ****         AxisRotate (i, +angle_rotate, time_rotate * 1000);
  62              		.loc 1 9 0 discriminator 3
  63 0020 A4B2     		uxth	r4, r4
  14:Core/Src/MFv1.c ****         LL_mDelay (20 * time_rotate);
  64              		.loc 1 14 0 discriminator 3
  65 0022 0548     		ldr	r0, .L5+8
  66 0024 FFF7FEFF 		bl	LL_mDelay
  67              	.LVL6:
   9:Core/Src/MFv1.c ****         AxisRotate (i, +angle_rotate, time_rotate * 1000);
  68              		.loc 1 9 0 discriminator 3
  69 0028 032C     		cmp	r4, #3
  70 002a EBD1     		bne	.L2
  71              	.LBE2:
  15:Core/Src/MFv1.c ****     }
  16:Core/Src/MFv1.c **** }...
  72              		.loc 1 16 0
  73              		@ sp needed
  74              	.LVL7:
  75 002c 10BD     		pop	{r4, pc}
  76              	.L6:
  77 002e C046     		.align	2
  78              	.L5:
  79 0030 E0930400 		.word	300000
  80 0034 F6FB0B00 		.word	785398
  81 0038 70170000 		.word	6000
  82 003c 0A04F4FF 		.word	-785398
  83              		.cfi_endproc
  84              	.LFE521:
  86              		.text
  87              	.Letext0:
  88              		.file 2 "/usr/include/newlib/machine/_default_types.h"
  89              		.file 3 "/usr/include/newlib/sys/_stdint.h"
  90              		.file 4 "Drivers/CMSIS/Device/ST/STM32F0xx/Include/system_stm32f0xx.h"
  91              		.file 5 "Drivers/STM32F0xx_HAL_Driver/Inc/stm32f0xx_ll_dma.h"
  92              		.file 6 "Drivers/STM32F0xx_HAL_Driver/Inc/stm32f0xx_ll_tim.h"
  93              		.file 7 "Core/Inc/axis.h"
  94              		.file 8 "Drivers/STM32F0xx_HAL_Driver/Inc/stm32f0xx_ll_utils.h"
ARM GAS  /tmp/ccWsrnS5.s 			page 3


DEFINED SYMBOLS
                            *ABS*:0000000000000000 MFv1.c
     /tmp/ccWsrnS5.s:16     .text.MFv1_Collibrate_Direction:0000000000000000 $t
     /tmp/ccWsrnS5.s:24     .text.MFv1_Collibrate_Direction:0000000000000000 MFv1_Collibrate_Direction
     /tmp/ccWsrnS5.s:79     .text.MFv1_Collibrate_Direction:0000000000000030 $d
                     .debug_frame:0000000000000010 $d

UNDEFINED SYMBOLS
AxisRotate
LL_mDelay
